app/libs/apwlibrary/build/intermediates/manifest_merge_blame_file/debug/manifest-merger-blame-debug-report.txt
1<?xml version="1.0" encoding="utf-8"?>
2<manifest xmlns:android="http://schemas.android.com/apk/res/android"
3    package="crl.android.pdfwriter" >
4
5    <uses-sdk android:minSdkVersion="16" />
5-->src\main\AndroidManifest.xml:3:5-43
5-->src\main\AndroidManifest.xml:3:15-41
6
7    <application />
7-->src\main\AndroidManifest.xml:4:5-19
8
9</manifest>